<!DOCTYPE html>
<html>
<head>
<meta http-equiv="Content-Type" content="text/html; charset=utf-8"/>
<meta http-equiv="x-ua-compatible" content="IE=edge"/>
<title>Test results - PetApplicationTests</title>
<link href="../css/base-style.css" rel="stylesheet" type="text/css"/>
<link href="../css/style.css" rel="stylesheet" type="text/css"/>
<script src="../js/report.js" type="text/javascript"></script>
</head>
<body>
<div id="content">
<h1>PetApplicationTests</h1>
<div class="breadcrumbs">
<a href="../index.html">all</a> &gt; 
<a href="../packages/petPeople.pet.html">petPeople.pet</a> &gt; PetApplicationTests</div>
<div id="summary">
<table>
<tr>
<td>
<div class="summaryGroup">
<table>
<tr>
<td>
<div class="infoBox" id="tests">
<div class="counter">1</div>
<p>tests</p>
</div>
</td>
<td>
<div class="infoBox" id="failures">
<div class="counter">1</div>
<p>failures</p>
</div>
</td>
<td>
<div class="infoBox" id="ignored">
<div class="counter">0</div>
<p>ignored</p>
</div>
</td>
<td>
<div class="infoBox" id="duration">
<div class="counter">0.005s</div>
<p>duration</p>
</div>
</td>
</tr>
</table>
</div>
</td>
<td>
<div class="infoBox failures" id="successRate">
<div class="percent">0%</div>
<p>successful</p>
</div>
</td>
</tr>
</table>
</div>
<div id="tabs">
<ul class="tabLinks">
<li>
<a href="#tab0">Failed tests</a>
</li>
<li>
<a href="#tab1">Tests</a>
</li>
<li>
<a href="#tab2">Standard output</a>
</li>
</ul>
<div id="tab0" class="tab">
<h2>Failed tests</h2>
<div class="test">
<a name="contextLoads()"></a>
<h3 class="failures">contextLoads()</h3>
<span class="code">
<pre>java.lang.IllegalStateException: Failed to load ApplicationContext
	at org.springframework.test.context.cache.DefaultCacheAwareContextLoaderDelegate.loadContext(DefaultCacheAwareContextLoaderDelegate.java:132)
	at org.springframework.test.context.support.DefaultTestContext.getApplicationContext(DefaultTestContext.java:124)
	at org.springframework.test.context.web.ServletTestExecutionListener.setUpRequestContextIfNecessary(ServletTestExecutionListener.java:190)
	at org.springframework.test.context.web.ServletTestExecutionListener.prepareTestInstance(ServletTestExecutionListener.java:132)
	at org.springframework.test.context.TestContextManager.prepareTestInstance(TestContextManager.java:248)
	at org.springframework.test.context.junit.jupiter.SpringExtension.postProcessTestInstance(SpringExtension.java:138)
	at org.junit.jupiter.engine.descriptor.ClassBasedTestDescriptor.lambda$invokeTestInstancePostProcessors$8(ClassBasedTestDescriptor.java:363)
	at org.junit.jupiter.engine.descriptor.ClassBasedTestDescriptor.executeAndMaskThrowable(ClassBasedTestDescriptor.java:368)
	at org.junit.jupiter.engine.descriptor.ClassBasedTestDescriptor.lambda$invokeTestInstancePostProcessors$9(ClassBasedTestDescriptor.java:363)
	at java.base/java.util.stream.ReferencePipeline$3$1.accept(ReferencePipeline.java:195)
	at java.base/java.util.stream.ReferencePipeline$2$1.accept(ReferencePipeline.java:177)
	at java.base/java.util.ArrayList$ArrayListSpliterator.forEachRemaining(ArrayList.java:1655)
	at java.base/java.util.stream.AbstractPipeline.copyInto(AbstractPipeline.java:484)
	at java.base/java.util.stream.AbstractPipeline.wrapAndCopyInto(AbstractPipeline.java:474)
	at java.base/java.util.stream.StreamSpliterators$WrappingSpliterator.forEachRemaining(StreamSpliterators.java:312)
	at java.base/java.util.stream.Streams$ConcatSpliterator.forEachRemaining(Streams.java:735)
	at java.base/java.util.stream.Streams$ConcatSpliterator.forEachRemaining(Streams.java:734)
	at java.base/java.util.stream.ReferencePipeline$Head.forEach(ReferencePipeline.java:658)
	at org.junit.jupiter.engine.descriptor.ClassBasedTestDescriptor.invokeTestInstancePostProcessors(ClassBasedTestDescriptor.java:362)
	at org.junit.jupiter.engine.descriptor.ClassBasedTestDescriptor.lambda$instantiateAndPostProcessTestInstance$6(ClassBasedTestDescriptor.java:283)
	at org.junit.platform.engine.support.hierarchical.ThrowableCollector.execute(ThrowableCollector.java:73)
	at org.junit.jupiter.engine.descriptor.ClassBasedTestDescriptor.instantiateAndPostProcessTestInstance(ClassBasedTestDescriptor.java:282)
	at org.junit.jupiter.engine.descriptor.ClassBasedTestDescriptor.lambda$testInstancesProvider$4(ClassBasedTestDescriptor.java:272)
	at java.base/java.util.Optional.orElseGet(Optional.java:369)
	at org.junit.jupiter.engine.descriptor.ClassBasedTestDescriptor.lambda$testInstancesProvider$5(ClassBasedTestDescriptor.java:271)
	at org.junit.jupiter.engine.execution.TestInstancesProvider.getTestInstances(TestInstancesProvider.java:31)
	at org.junit.jupiter.engine.descriptor.TestMethodTestDescriptor.lambda$prepare$0(TestMethodTestDescriptor.java:102)
	at org.junit.platform.engine.support.hierarchical.ThrowableCollector.execute(ThrowableCollector.java:73)
	at org.junit.jupiter.engine.descriptor.TestMethodTestDescriptor.prepare(TestMethodTestDescriptor.java:101)
	at org.junit.jupiter.engine.descriptor.TestMethodTestDescriptor.prepare(TestMethodTestDescriptor.java:66)
	at org.junit.platform.engine.support.hierarchical.NodeTestTask.lambda$prepare$2(NodeTestTask.java:123)
	at org.junit.platform.engine.support.hierarchical.ThrowableCollector.execute(ThrowableCollector.java:73)
	at org.junit.platform.engine.support.hierarchical.NodeTestTask.prepare(NodeTestTask.java:123)
	at org.junit.platform.engine.support.hierarchical.NodeTestTask.execute(NodeTestTask.java:90)
	at java.base/java.util.ArrayList.forEach(ArrayList.java:1541)
	at org.junit.platform.engine.support.hierarchical.SameThreadHierarchicalTestExecutorService.invokeAll(SameThreadHierarchicalTestExecutorService.java:41)
	at org.junit.platform.engine.support.hierarchical.NodeTestTask.lambda$executeRecursively$6(NodeTestTask.java:155)
	at org.junit.platform.engine.support.hierarchical.ThrowableCollector.execute(ThrowableCollector.java:73)
	at org.junit.platform.engine.support.hierarchical.NodeTestTask.lambda$executeRecursively$8(NodeTestTask.java:141)
	at org.junit.platform.engine.support.hierarchical.Node.around(Node.java:137)
	at org.junit.platform.engine.support.hierarchical.NodeTestTask.lambda$executeRecursively$9(NodeTestTask.java:139)
	at org.junit.platform.engine.support.hierarchical.ThrowableCollector.execute(ThrowableCollector.java:73)
	at org.junit.platform.engine.support.hierarchical.NodeTestTask.executeRecursively(NodeTestTask.java:138)
	at org.junit.platform.engine.support.hierarchical.NodeTestTask.execute(NodeTestTask.java:95)
	at java.base/java.util.ArrayList.forEach(ArrayList.java:1541)
	at org.junit.platform.engine.support.hierarchical.SameThreadHierarchicalTestExecutorService.invokeAll(SameThreadHierarchicalTestExecutorService.java:41)
	at org.junit.platform.engine.support.hierarchical.NodeTestTask.lambda$executeRecursively$6(NodeTestTask.java:155)
	at org.junit.platform.engine.support.hierarchical.ThrowableCollector.execute(ThrowableCollector.java:73)
	at org.junit.platform.engine.support.hierarchical.NodeTestTask.lambda$executeRecursively$8(NodeTestTask.java:141)
	at org.junit.platform.engine.support.hierarchical.Node.around(Node.java:137)
	at org.junit.platform.engine.support.hierarchical.NodeTestTask.lambda$executeRecursively$9(NodeTestTask.java:139)
	at org.junit.platform.engine.support.hierarchical.ThrowableCollector.execute(ThrowableCollector.java:73)
	at org.junit.platform.engine.support.hierarchical.NodeTestTask.executeRecursively(NodeTestTask.java:138)
	at org.junit.platform.engine.support.hierarchical.NodeTestTask.execute(NodeTestTask.java:95)
	at org.junit.platform.engine.support.hierarchical.SameThreadHierarchicalTestExecutorService.submit(SameThreadHierarchicalTestExecutorService.java:35)
	at org.junit.platform.engine.support.hierarchical.HierarchicalTestExecutor.execute(HierarchicalTestExecutor.java:57)
	at org.junit.platform.engine.support.hierarchical.HierarchicalTestEngine.execute(HierarchicalTestEngine.java:54)
	at org.junit.platform.launcher.core.EngineExecutionOrchestrator.execute(EngineExecutionOrchestrator.java:108)
	at org.junit.platform.launcher.core.EngineExecutionOrchestrator.execute(EngineExecutionOrchestrator.java:88)
	at org.junit.platform.launcher.core.EngineExecutionOrchestrator.lambda$execute$0(EngineExecutionOrchestrator.java:54)
	at org.junit.platform.launcher.core.EngineExecutionOrchestrator.withInterceptedStreams(EngineExecutionOrchestrator.java:67)
	at org.junit.platform.launcher.core.EngineExecutionOrchestrator.execute(EngineExecutionOrchestrator.java:52)
	at org.junit.platform.launcher.core.DefaultLauncher.execute(DefaultLauncher.java:96)
	at org.junit.platform.launcher.core.DefaultLauncher.execute(DefaultLauncher.java:75)
	at org.gradle.api.internal.tasks.testing.junitplatform.JUnitPlatformTestClassProcessor$CollectAllTestClassesExecutor.processAllTestClasses(JUnitPlatformTestClassProcessor.java:99)
	at org.gradle.api.internal.tasks.testing.junitplatform.JUnitPlatformTestClassProcessor$CollectAllTestClassesExecutor.access$000(JUnitPlatformTestClassProcessor.java:79)
	at org.gradle.api.internal.tasks.testing.junitplatform.JUnitPlatformTestClassProcessor.stop(JUnitPlatformTestClassProcessor.java:75)
	at org.gradle.api.internal.tasks.testing.SuiteTestClassProcessor.stop(SuiteTestClassProcessor.java:61)
	at java.base/jdk.internal.reflect.NativeMethodAccessorImpl.invoke0(Native Method)
	at java.base/jdk.internal.reflect.NativeMethodAccessorImpl.invoke(NativeMethodAccessorImpl.java:62)
	at java.base/jdk.internal.reflect.DelegatingMethodAccessorImpl.invoke(DelegatingMethodAccessorImpl.java:43)
	at java.base/java.lang.reflect.Method.invoke(Method.java:566)
	at org.gradle.internal.dispatch.ReflectionDispatch.dispatch(ReflectionDispatch.java:36)
	at org.gradle.internal.dispatch.ReflectionDispatch.dispatch(ReflectionDispatch.java:24)
	at org.gradle.internal.dispatch.ContextClassLoaderDispatch.dispatch(ContextClassLoaderDispatch.java:33)
	at org.gradle.internal.dispatch.ProxyDispatchAdapter$DispatchingInvocationHandler.invoke(ProxyDispatchAdapter.java:94)
	at com.sun.proxy.$Proxy2.stop(Unknown Source)
	at org.gradle.api.internal.tasks.testing.worker.TestWorker$3.run(TestWorker.java:193)
	at org.gradle.api.internal.tasks.testing.worker.TestWorker.executeAndMaintainThreadName(TestWorker.java:129)
	at org.gradle.api.internal.tasks.testing.worker.TestWorker.execute(TestWorker.java:100)
	at org.gradle.api.internal.tasks.testing.worker.TestWorker.execute(TestWorker.java:60)
	at org.gradle.process.internal.worker.child.ActionExecutionWorker.execute(ActionExecutionWorker.java:56)
	at org.gradle.process.internal.worker.child.SystemApplicationClassLoaderWorker.call(SystemApplicationClassLoaderWorker.java:133)
	at org.gradle.process.internal.worker.child.SystemApplicationClassLoaderWorker.call(SystemApplicationClassLoaderWorker.java:71)
	at worker.org.gradle.process.internal.worker.GradleWorkerMain.run(GradleWorkerMain.java:69)
	at worker.org.gradle.process.internal.worker.GradleWorkerMain.main(GradleWorkerMain.java:74)
Caused by: org.springframework.beans.factory.UnsatisfiedDependencyException: Error creating bean with name 'securityConfig' defined in file [D:\pet\pet\build\classes\java\main\petPeople\pet\config\SecurityConfig.class]: Unsatisfied dependency expressed through constructor parameter 0; nested exception is org.springframework.beans.factory.NoSuchBeanDefinitionException: No qualifying bean of type 'petPeople.pet.config.auth.AuthFilterContainer' available: expected at least 1 bean which qualifies as autowire candidate. Dependency annotations: {}
	at app//org.springframework.beans.factory.support.ConstructorResolver.createArgumentArray(ConstructorResolver.java:800)
	at app//org.springframework.beans.factory.support.ConstructorResolver.autowireConstructor(ConstructorResolver.java:229)
	at app//org.springframework.beans.factory.support.AbstractAutowireCapableBeanFactory.autowireConstructor(AbstractAutowireCapableBeanFactory.java:1372)
	at app//org.springframework.beans.factory.support.AbstractAutowireCapableBeanFactory.createBeanInstance(AbstractAutowireCapableBeanFactory.java:1222)
	at app//org.springframework.beans.factory.support.AbstractAutowireCapableBeanFactory.doCreateBean(AbstractAutowireCapableBeanFactory.java:582)
	at app//org.springframework.beans.factory.support.AbstractAutowireCapableBeanFactory.createBean(AbstractAutowireCapableBeanFactory.java:542)
	at app//org.springframework.beans.factory.support.AbstractBeanFactory.lambda$doGetBean$0(AbstractBeanFactory.java:335)
	at app//org.springframework.beans.factory.support.DefaultSingletonBeanRegistry.getSingleton(DefaultSingletonBeanRegistry.java:234)
	at app//org.springframework.beans.factory.support.AbstractBeanFactory.doGetBean(AbstractBeanFactory.java:333)
	at app//org.springframework.beans.factory.support.AbstractBeanFactory.getBean(AbstractBeanFactory.java:208)
	at app//org.springframework.beans.factory.support.DefaultListableBeanFactory.preInstantiateSingletons(DefaultListableBeanFactory.java:953)
	at app//org.springframework.context.support.AbstractApplicationContext.finishBeanFactoryInitialization(AbstractApplicationContext.java:918)
	at app//org.springframework.context.support.AbstractApplicationContext.refresh(AbstractApplicationContext.java:583)
	at app//org.springframework.boot.SpringApplication.refresh(SpringApplication.java:740)
	at app//org.springframework.boot.SpringApplication.refreshContext(SpringApplication.java:415)
	at app//org.springframework.boot.SpringApplication.run(SpringApplication.java:303)
	at app//org.springframework.boot.test.context.SpringBootContextLoader.loadContext(SpringBootContextLoader.java:144)
	at app//org.springframework.test.context.cache.DefaultCacheAwareContextLoaderDelegate.loadContextInternal(DefaultCacheAwareContextLoaderDelegate.java:99)
	at app//org.springframework.test.context.cache.DefaultCacheAwareContextLoaderDelegate.loadContext(DefaultCacheAwareContextLoaderDelegate.java:124)
	... 85 more
Caused by: org.springframework.beans.factory.NoSuchBeanDefinitionException: No qualifying bean of type 'petPeople.pet.config.auth.AuthFilterContainer' available: expected at least 1 bean which qualifies as autowire candidate. Dependency annotations: {}
	at app//org.springframework.beans.factory.support.DefaultListableBeanFactory.raiseNoMatchingBeanFound(DefaultListableBeanFactory.java:1799)
	at app//org.springframework.beans.factory.support.DefaultListableBeanFactory.doResolveDependency(DefaultListableBeanFactory.java:1355)
	at app//org.springframework.beans.factory.support.DefaultListableBeanFactory.resolveDependency(DefaultListableBeanFactory.java:1309)
	at app//org.springframework.beans.factory.support.ConstructorResolver.resolveAutowiredArgument(ConstructorResolver.java:887)
	at app//org.springframework.beans.factory.support.ConstructorResolver.createArgumentArray(ConstructorResolver.java:791)
	... 103 more
</pre>
</span>
</div>
</div>
<div id="tab1" class="tab">
<h2>Tests</h2>
<table>
<thead>
<tr>
<th>Test</th>
<th>Duration</th>
<th>Result</th>
</tr>
</thead>
<tr>
<td class="failures">contextLoads()</td>
<td class="failures">0.005s</td>
<td class="failures">failed</td>
</tr>
</table>
</div>
<div id="tab2" class="tab">
<h2>Standard output</h2>
<span class="code">
<pre>20:50:33.063 [Test worker] DEBUG org.springframework.test.context.BootstrapUtils - Instantiating CacheAwareContextLoaderDelegate from class [org.springframework.test.context.cache.DefaultCacheAwareContextLoaderDelegate]
20:50:33.086 [Test worker] DEBUG org.springframework.test.context.BootstrapUtils - Instantiating BootstrapContext using constructor [public org.springframework.test.context.support.DefaultBootstrapContext(java.lang.Class,org.springframework.test.context.CacheAwareContextLoaderDelegate)]
20:50:33.152 [Test worker] DEBUG org.springframework.test.context.BootstrapUtils - Instantiating TestContextBootstrapper for test class [petPeople.pet.PetApplicationTests] from class [org.springframework.boot.test.context.SpringBootTestContextBootstrapper]
20:50:33.175 [Test worker] INFO org.springframework.boot.test.context.SpringBootTestContextBootstrapper - Neither @ContextConfiguration nor @ContextHierarchy found for test class [petPeople.pet.PetApplicationTests], using SpringBootContextLoader
20:50:33.184 [Test worker] DEBUG org.springframework.test.context.support.AbstractContextLoader - Did not detect default resource location for test class [petPeople.pet.PetApplicationTests]: class path resource [petPeople/pet/PetApplicationTests-context.xml] does not exist
20:50:33.185 [Test worker] DEBUG org.springframework.test.context.support.AbstractContextLoader - Did not detect default resource location for test class [petPeople.pet.PetApplicationTests]: class path resource [petPeople/pet/PetApplicationTestsContext.groovy] does not exist
20:50:33.185 [Test worker] INFO org.springframework.test.context.support.AbstractContextLoader - Could not detect default resource locations for test class [petPeople.pet.PetApplicationTests]: no resource found for suffixes {-context.xml, Context.groovy}.
20:50:33.187 [Test worker] INFO org.springframework.test.context.support.AnnotationConfigContextLoaderUtils - Could not detect default configuration classes for test class [petPeople.pet.PetApplicationTests]: PetApplicationTests does not declare any static, non-private, non-final, nested classes annotated with @Configuration.
20:50:33.269 [Test worker] DEBUG org.springframework.test.context.support.ActiveProfilesUtils - Could not find an 'annotation declaring class' for annotation type [org.springframework.test.context.ActiveProfiles] and class [petPeople.pet.PetApplicationTests]
20:50:33.381 [Test worker] DEBUG org.springframework.context.annotation.ClassPathScanningCandidateComponentProvider - Identified candidate component class: file [D:\pet\pet\build\classes\java\main\petPeople\pet\PetApplication.class]
20:50:33.384 [Test worker] INFO org.springframework.boot.test.context.SpringBootTestContextBootstrapper - Found @SpringBootConfiguration petPeople.pet.PetApplication for test class petPeople.pet.PetApplicationTests
20:50:33.593 [Test worker] DEBUG org.springframework.boot.test.context.SpringBootTestContextBootstrapper - @TestExecutionListeners is not present for class [petPeople.pet.PetApplicationTests]: using defaults.
20:50:33.594 [Test worker] INFO org.springframework.boot.test.context.SpringBootTestContextBootstrapper - Loaded default TestExecutionListener class names from location [META-INF/spring.factories]: [org.springframework.security.test.context.support.WithSecurityContextTestExecutionListener, org.springframework.security.test.context.support.ReactorContextTestExecutionListener, org.springframework.boot.test.autoconfigure.restdocs.RestDocsTestExecutionListener, org.springframework.boot.test.autoconfigure.web.client.MockRestServiceServerResetTestExecutionListener, org.springframework.boot.test.autoconfigure.web.servlet.MockMvcPrintOnlyOnFailureTestExecutionListener, org.springframework.boot.test.autoconfigure.web.servlet.WebDriverTestExecutionListener, org.springframework.boot.test.autoconfigure.webservices.client.MockWebServiceServerTestExecutionListener, org.springframework.boot.test.mock.mockito.MockitoTestExecutionListener, org.springframework.boot.test.mock.mockito.ResetMocksTestExecutionListener, org.springframework.test.context.web.ServletTestExecutionListener, org.springframework.test.context.support.DirtiesContextBeforeModesTestExecutionListener, org.springframework.test.context.event.ApplicationEventsTestExecutionListener, org.springframework.test.context.support.DependencyInjectionTestExecutionListener, org.springframework.test.context.support.DirtiesContextTestExecutionListener, org.springframework.test.context.transaction.TransactionalTestExecutionListener, org.springframework.test.context.jdbc.SqlScriptsTestExecutionListener, org.springframework.test.context.event.EventPublishingTestExecutionListener]
20:50:33.626 [Test worker] INFO org.springframework.boot.test.context.SpringBootTestContextBootstrapper - Using TestExecutionListeners: [org.springframework.test.context.web.ServletTestExecutionListener@3b809711, org.springframework.test.context.support.DirtiesContextBeforeModesTestExecutionListener@3b0f7d9d, org.springframework.test.context.event.ApplicationEventsTestExecutionListener@236ab296, org.springframework.boot.test.mock.mockito.MockitoTestExecutionListener@5c84624f, org.springframework.boot.test.autoconfigure.SpringBootDependencyInjectionTestExecutionListener@63034ed1, org.springframework.test.context.support.DirtiesContextTestExecutionListener@232024b9, org.springframework.test.context.transaction.TransactionalTestExecutionListener@55a8dc49, org.springframework.test.context.jdbc.SqlScriptsTestExecutionListener@2a415aa9, org.springframework.security.test.context.support.WithSecurityContextTestExecutionListener@53cdecf6, org.springframework.test.context.event.EventPublishingTestExecutionListener@71ea1fda, org.springframework.security.test.context.support.ReactorContextTestExecutionListener@62b3df3a, org.springframework.boot.test.autoconfigure.restdocs.RestDocsTestExecutionListener@420745d7, org.springframework.boot.test.autoconfigure.web.client.MockRestServiceServerResetTestExecutionListener@7e11ab3d, org.springframework.boot.test.autoconfigure.web.servlet.MockMvcPrintOnlyOnFailureTestExecutionListener@5fa47fea, org.springframework.boot.test.autoconfigure.web.servlet.WebDriverTestExecutionListener@2392212b, org.springframework.boot.test.autoconfigure.webservices.client.MockWebServiceServerTestExecutionListener@5b43e173, org.springframework.boot.test.mock.mockito.ResetMocksTestExecutionListener@28f8e165]
20:50:33.633 [Test worker] DEBUG org.springframework.test.context.support.AbstractDirtiesContextTestExecutionListener - Before test class: context [DefaultTestContext@6bb7cce7 testClass = PetApplicationTests, testInstance = [null], testMethod = [null], testException = [null], mergedContextConfiguration = [WebMergedContextConfiguration@41c62850 testClass = PetApplicationTests, locations = '{}', classes = '{class petPeople.pet.PetApplication}', contextInitializerClasses = '[]', activeProfiles = '{}', propertySourceLocations = '{}', propertySourceProperties = '{org.springframework.boot.test.context.SpringBootTestContextBootstrapper=true}', contextCustomizers = set[org.springframework.boot.test.autoconfigure.actuate.metrics.MetricsExportContextCustomizerFactory$DisableMetricExportContextCustomizer@2f9a01c1, org.springframework.boot.test.autoconfigure.properties.PropertyMappingContextCustomizer@0, org.springframework.boot.test.autoconfigure.web.servlet.WebDriverContextCustomizerFactory$Customizer@65a4798f, org.springframework.boot.test.context.filter.ExcludeFilterContextCustomizer@83298d7, org.springframework.boot.test.json.DuplicateJsonObjectContextCustomizerFactory$DuplicateJsonObjectContextCustomizer@773cbf4f, org.springframework.boot.test.mock.mockito.MockitoContextCustomizer@0, org.springframework.boot.test.web.client.TestRestTemplateContextCustomizer@5ef0d29e, org.springframework.boot.test.context.SpringBootTestArgs@1, org.springframework.boot.test.context.SpringBootTestWebEnvironment@28b46423], resourceBasePath = 'src/main/webapp', contextLoader = 'org.springframework.boot.test.context.SpringBootContextLoader', parent = [null]], attributes = map['org.springframework.test.context.web.ServletTestExecutionListener.activateListener' -&gt; true]], class annotated with @DirtiesContext [false] with mode [null].

  .   ____          _            __ _ _
 /\\ / ___'_ __ _ _(_)_ __  __ _ \ \ \ \
( ( )\___ | '_ | '_| | '_ \/ _` | \ \ \ \
 \\/  ___)| |_)| | | | | || (_| |  ) ) ) )
  '  |____| .__|_| |_|_| |_\__, | / / / /
 =========|_|==============|___/=/_/_/_/
 :: Spring Boot ::                (v2.6.7)

2022-05-22 20:50:34.292  INFO 26416 --- [    Test worker] petPeople.pet.PetApplicationTests        : Starting PetApplicationTests using Java 11.0.9 on DESKTOP-F55RK1N with PID 26416 (started by ksw in D:\pet\pet)
2022-05-22 20:50:34.294  INFO 26416 --- [    Test worker] petPeople.pet.PetApplicationTests        : No active profile set, falling back to 1 default profile: &quot;default&quot;
2022-05-22 20:50:35.604  INFO 26416 --- [    Test worker] .s.d.r.c.RepositoryConfigurationDelegate : Bootstrapping Spring Data JPA repositories in DEFAULT mode.
2022-05-22 20:50:35.842  INFO 26416 --- [    Test worker] .s.d.r.c.RepositoryConfigurationDelegate : Finished Spring Data repository scanning in 224 ms. Found 16 JPA repository interfaces.
2022-05-22 20:50:36.933  INFO 26416 --- [    Test worker] com.zaxxer.hikari.HikariDataSource       : HikariPool-1 - Starting...
2022-05-22 20:50:37.223  INFO 26416 --- [    Test worker] com.zaxxer.hikari.HikariDataSource       : HikariPool-1 - Start completed.
2022-05-22 20:50:37.372  INFO 26416 --- [    Test worker] o.hibernate.jpa.internal.util.LogHelper  : HHH000204: Processing PersistenceUnitInfo [name: default]
2022-05-22 20:50:37.500  INFO 26416 --- [    Test worker] org.hibernate.Version                    : HHH000412: Hibernate ORM core version 5.6.8.Final
2022-05-22 20:50:37.812  INFO 26416 --- [    Test worker] o.hibernate.annotations.common.Version   : HCANN000001: Hibernate Commons Annotations {5.1.2.Final}
2022-05-22 20:50:38.043  INFO 26416 --- [    Test worker] org.hibernate.dialect.Dialect            : HHH000400: Using dialect: org.hibernate.dialect.H2Dialect
2022-05-22 20:50:39.590  INFO 26416 --- [    Test worker] p6spy                                    : #1653220239590 | took 1ms | statement | connection 2| url jdbc:h2:mem:8979690d-f74c-4aff-ac1e-f6e0aafccbf2
drop table if exists comment CASCADE 
drop table if exists comment CASCADE ;
2022-05-22 20:50:39.591  INFO 26416 --- [    Test worker] p6spy                                    : #1653220239591 | took 0ms | statement | connection 2| url jdbc:h2:mem:8979690d-f74c-4aff-ac1e-f6e0aafccbf2
drop table if exists comment_like CASCADE 
drop table if exists comment_like CASCADE ;
2022-05-22 20:50:39.591  INFO 26416 --- [    Test worker] p6spy                                    : #1653220239591 | took 0ms | statement | connection 2| url jdbc:h2:mem:8979690d-f74c-4aff-ac1e-f6e0aafccbf2
drop table if exists meeting CASCADE 
drop table if exists meeting CASCADE ;
2022-05-22 20:50:39.591  INFO 26416 --- [    Test worker] p6spy                                    : #1653220239591 | took 0ms | statement | connection 2| url jdbc:h2:mem:8979690d-f74c-4aff-ac1e-f6e0aafccbf2
drop table if exists meeting_comment CASCADE 
drop table if exists meeting_comment CASCADE ;
2022-05-22 20:50:39.592  INFO 26416 --- [    Test worker] p6spy                                    : #1653220239592 | took 0ms | statement | connection 2| url jdbc:h2:mem:8979690d-f74c-4aff-ac1e-f6e0aafccbf2
drop table if exists meeting_comment_like CASCADE 
drop table if exists meeting_comment_like CASCADE ;
2022-05-22 20:50:39.592  INFO 26416 --- [    Test worker] p6spy                                    : #1653220239592 | took 0ms | statement | connection 2| url jdbc:h2:mem:8979690d-f74c-4aff-ac1e-f6e0aafccbf2
drop table if exists meeting_image CASCADE 
drop table if exists meeting_image CASCADE ;
2022-05-22 20:50:39.593  INFO 26416 --- [    Test worker] p6spy                                    : #1653220239593 | took 0ms | statement | connection 2| url jdbc:h2:mem:8979690d-f74c-4aff-ac1e-f6e0aafccbf2
drop table if exists meeting_member CASCADE 
drop table if exists meeting_member CASCADE ;
2022-05-22 20:50:39.593  INFO 26416 --- [    Test worker] p6spy                                    : #1653220239593 | took 0ms | statement | connection 2| url jdbc:h2:mem:8979690d-f74c-4aff-ac1e-f6e0aafccbf2
drop table if exists meeting_post CASCADE 
drop table if exists meeting_post CASCADE ;
2022-05-22 20:50:39.594  INFO 26416 --- [    Test worker] p6spy                                    : #1653220239594 | took 0ms | statement | connection 2| url jdbc:h2:mem:8979690d-f74c-4aff-ac1e-f6e0aafccbf2
drop table if exists meeting_post_image CASCADE 
drop table if exists meeting_post_image CASCADE ;
2022-05-22 20:50:39.594  INFO 26416 --- [    Test worker] p6spy                                    : #1653220239594 | took 0ms | statement | connection 2| url jdbc:h2:mem:8979690d-f74c-4aff-ac1e-f6e0aafccbf2
drop table if exists meeting_post_like CASCADE 
drop table if exists meeting_post_like CASCADE ;
2022-05-22 20:50:39.594  INFO 26416 --- [    Test worker] p6spy                                    : #1653220239594 | took 0ms | statement | connection 2| url jdbc:h2:mem:8979690d-f74c-4aff-ac1e-f6e0aafccbf2
drop table if exists member CASCADE 
drop table if exists member CASCADE ;
2022-05-22 20:50:39.595  INFO 26416 --- [    Test worker] p6spy                                    : #1653220239595 | took 0ms | statement | connection 2| url jdbc:h2:mem:8979690d-f74c-4aff-ac1e-f6e0aafccbf2
drop table if exists notification CASCADE 
drop table if exists notification CASCADE ;
2022-05-22 20:50:39.595  INFO 26416 --- [    Test worker] p6spy                                    : #1653220239595 | took 0ms | statement | connection 2| url jdbc:h2:mem:8979690d-f74c-4aff-ac1e-f6e0aafccbf2
drop table if exists post CASCADE 
drop table if exists post CASCADE ;
2022-05-22 20:50:39.595  INFO 26416 --- [    Test worker] p6spy                                    : #1653220239595 | took 0ms | statement | connection 2| url jdbc:h2:mem:8979690d-f74c-4aff-ac1e-f6e0aafccbf2
drop table if exists post_bookmark CASCADE 
drop table if exists post_bookmark CASCADE ;
2022-05-22 20:50:39.596  INFO 26416 --- [    Test worker] p6spy                                    : #1653220239596 | took 0ms | statement | connection 2| url jdbc:h2:mem:8979690d-f74c-4aff-ac1e-f6e0aafccbf2
drop table if exists post_image CASCADE 
drop table if exists post_image CASCADE ;
2022-05-22 20:50:39.596  INFO 26416 --- [    Test worker] p6spy                                    : #1653220239596 | took 0ms | statement | connection 2| url jdbc:h2:mem:8979690d-f74c-4aff-ac1e-f6e0aafccbf2
drop table if exists post_like CASCADE 
drop table if exists post_like CASCADE ;
2022-05-22 20:50:39.596  INFO 26416 --- [    Test worker] p6spy                                    : #1653220239596 | took 0ms | statement | connection 2| url jdbc:h2:mem:8979690d-f74c-4aff-ac1e-f6e0aafccbf2
drop table if exists tag CASCADE 
drop table if exists tag CASCADE ;
2022-05-22 20:50:39.597  INFO 26416 --- [    Test worker] p6spy                                    : #1653220239597 | took 0ms | statement | connection 2| url jdbc:h2:mem:8979690d-f74c-4aff-ac1e-f6e0aafccbf2
drop sequence if exists hibernate_sequence
drop sequence if exists hibernate_sequence;
2022-05-22 20:50:39.603  INFO 26416 --- [    Test worker] p6spy                                    : #1653220239603 | took 1ms | statement | connection 3| url jdbc:h2:mem:8979690d-f74c-4aff-ac1e-f6e0aafccbf2
create sequence hibernate_sequence start with 1 increment by 1
create sequence hibernate_sequence start with 1 increment by 1;
2022-05-22 20:50:39.610  INFO 26416 --- [    Test worker] p6spy                                    : #1653220239609 | took 5ms | statement | connection 3| url jdbc:h2:mem:8979690d-f74c-4aff-ac1e-f6e0aafccbf2
create table comment (comment_id bigint not null, created_date timestamp, last_modified_date timestamp, content clob, member_id bigint, parent_id bigint, post_id bigint, primary key (comment_id))
create table comment (comment_id bigint not null, created_date timestamp, last_modified_date timestamp, content clob, member_id bigint, parent_id bigint, post_id bigint, primary key (comment_id));
2022-05-22 20:50:39.611  INFO 26416 --- [    Test worker] p6spy                                    : #1653220239611 | took 0ms | statement | connection 3| url jdbc:h2:mem:8979690d-f74c-4aff-ac1e-f6e0aafccbf2
create table comment_like (comment_like_id bigint not null, created_date timestamp, last_modified_date timestamp, comment_id bigint, member_id bigint, primary key (comment_like_id))
create table comment_like (comment_like_id bigint not null, created_date timestamp, last_modified_date timestamp, comment_id bigint, member_id bigint, primary key (comment_like_id));
2022-05-22 20:50:39.612  INFO 26416 --- [    Test worker] p6spy                                    : #1653220239612 | took 1ms | statement | connection 3| url jdbc:h2:mem:8979690d-f74c-4aff-ac1e-f6e0aafccbf2
create table meeting (meeting_id bigint not null, created_date timestamp, last_modified_date timestamp, category varchar(255), conditions varchar(255), content varchar(255), do_name varchar(255), end_date timestamp, is_opened boolean, max_age integer, max_people integer, meeting_date timestamp, min_age integer, sex varchar(255), sigungu varchar(255), title varchar(255), member_id bigint, primary key (meeting_id))
create table meeting (meeting_id bigint not null, created_date timestamp, last_modified_date timestamp, category varchar(255), conditions varchar(255), content varchar(255), do_name varchar(255), end_date timestamp, is_opened boolean, max_age integer, max_people integer, meeting_date timestamp, min_age integer, sex varchar(255), sigungu varchar(255), title varchar(255), member_id bigint, primary key (meeting_id));
2022-05-22 20:50:39.614  INFO 26416 --- [    Test worker] p6spy                                    : #1653220239614 | took 1ms | statement | connection 3| url jdbc:h2:mem:8979690d-f74c-4aff-ac1e-f6e0aafccbf2
create table meeting_comment (meeting_comment_id bigint not null, created_date timestamp, last_modified_date timestamp, content varchar(255), meeting_post_id bigint, member_id bigint, primary key (meeting_comment_id))
create table meeting_comment (meeting_comment_id bigint not null, created_date timestamp, last_modified_date timestamp, content varchar(255), meeting_post_id bigint, member_id bigint, primary key (meeting_comment_id));
2022-05-22 20:50:39.616  INFO 26416 --- [    Test worker] p6spy                                    : #1653220239616 | took 1ms | statement | connection 3| url jdbc:h2:mem:8979690d-f74c-4aff-ac1e-f6e0aafccbf2
create table meeting_comment_like (meeting_comment_like_id bigint not null, meeting_comment_id bigint, member_id bigint, primary key (meeting_comment_like_id))
create table meeting_comment_like (meeting_comment_like_id bigint not null, meeting_comment_id bigint, member_id bigint, primary key (meeting_comment_like_id));
2022-05-22 20:50:39.618  INFO 26416 --- [    Test worker] p6spy                                    : #1653220239617 | took 1ms | statement | connection 3| url jdbc:h2:mem:8979690d-f74c-4aff-ac1e-f6e0aafccbf2
create table meeting_image (meeting_image_id bigint not null, created_date timestamp, last_modified_date timestamp, img_url varchar(255), meeting_id bigint, primary key (meeting_image_id))
create table meeting_image (meeting_image_id bigint not null, created_date timestamp, last_modified_date timestamp, img_url varchar(255), meeting_id bigint, primary key (meeting_image_id));
2022-05-22 20:50:39.620  INFO 26416 --- [    Test worker] p6spy                                    : #1653220239619 | took 1ms | statement | connection 3| url jdbc:h2:mem:8979690d-f74c-4aff-ac1e-f6e0aafccbf2
create table meeting_member (meeting_member_id bigint not null, created_date timestamp, last_modified_date timestamp, meeting_id bigint, member_id bigint, primary key (meeting_member_id))
create table meeting_member (meeting_member_id bigint not null, created_date timestamp, last_modified_date timestamp, meeting_id bigint, member_id bigint, primary key (meeting_member_id));
2022-05-22 20:50:39.622  INFO 26416 --- [    Test worker] p6spy                                    : #1653220239622 | took 1ms | statement | connection 3| url jdbc:h2:mem:8979690d-f74c-4aff-ac1e-f6e0aafccbf2
create table meeting_post (meeting_post_id bigint not null, created_date timestamp, last_modified_date timestamp, content varchar(255), meeting_id bigint, member_id bigint, primary key (meeting_post_id))
create table meeting_post (meeting_post_id bigint not null, created_date timestamp, last_modified_date timestamp, content varchar(255), meeting_id bigint, member_id bigint, primary key (meeting_post_id));
2022-05-22 20:50:39.624  INFO 26416 --- [    Test worker] p6spy                                    : #1653220239624 | took 1ms | statement | connection 3| url jdbc:h2:mem:8979690d-f74c-4aff-ac1e-f6e0aafccbf2
create table meeting_post_image (meeting_post_image_id bigint not null, created_date timestamp, last_modified_date timestamp, img_url varchar(255), meeting_post_id bigint, member_id bigint, primary key (meeting_post_image_id))
create table meeting_post_image (meeting_post_image_id bigint not null, created_date timestamp, last_modified_date timestamp, img_url varchar(255), meeting_post_id bigint, member_id bigint, primary key (meeting_post_image_id));
2022-05-22 20:50:39.625  INFO 26416 --- [    Test worker] p6spy                                    : #1653220239625 | took 1ms | statement | connection 3| url jdbc:h2:mem:8979690d-f74c-4aff-ac1e-f6e0aafccbf2
create table meeting_post_like (meeting_post_like_id bigint not null, meeting_post_id bigint, member_id bigint, primary key (meeting_post_like_id))
create table meeting_post_like (meeting_post_like_id bigint not null, meeting_post_id bigint, member_id bigint, primary key (meeting_post_like_id));
2022-05-22 20:50:39.627  INFO 26416 --- [    Test worker] p6spy                                    : #1653220239627 | took 1ms | statement | connection 3| url jdbc:h2:mem:8979690d-f74c-4aff-ac1e-f6e0aafccbf2
create table member (member_id bigint not null, created_date timestamp, last_modified_date timestamp, email varchar(255), img_url varchar(255), introduce varchar(255), name varchar(255), nickname varchar(255), uid clob, primary key (member_id))
create table member (member_id bigint not null, created_date timestamp, last_modified_date timestamp, email varchar(255), img_url varchar(255), introduce varchar(255), name varchar(255), nickname varchar(255), uid clob, primary key (member_id));
2022-05-22 20:50:39.630  INFO 26416 --- [    Test worker] p6spy                                    : #1653220239630 | took 1ms | statement | connection 3| url jdbc:h2:mem:8979690d-f74c-4aff-ac1e-f6e0aafccbf2
create table notification (notification_id bigint not null, created_date timestamp, last_modified_date timestamp, is_checked boolean not null, member_id bigint, owner_member_id bigint, primary key (notification_id))
create table notification (notification_id bigint not null, created_date timestamp, last_modified_date timestamp, is_checked boolean not null, member_id bigint, owner_member_id bigint, primary key (notification_id));
2022-05-22 20:50:39.633  INFO 26416 --- [    Test worker] p6spy                                    : #1653220239633 | took 2ms | statement | connection 3| url jdbc:h2:mem:8979690d-f74c-4aff-ac1e-f6e0aafccbf2
create table post (post_id bigint not null, created_date timestamp, last_modified_date timestamp, content clob, member_id bigint, primary key (post_id))
create table post (post_id bigint not null, created_date timestamp, last_modified_date timestamp, content clob, member_id bigint, primary key (post_id));
2022-05-22 20:50:39.635  INFO 26416 --- [    Test worker] p6spy                                    : #1653220239635 | took 1ms | statement | connection 3| url jdbc:h2:mem:8979690d-f74c-4aff-ac1e-f6e0aafccbf2
create table post_bookmark (post_bookmark_id bigint not null, member_id bigint, post_id bigint, primary key (post_bookmark_id))
create table post_bookmark (post_bookmark_id bigint not null, member_id bigint, post_id bigint, primary key (post_bookmark_id));
2022-05-22 20:50:39.638  INFO 26416 --- [    Test worker] p6spy                                    : #1653220239638 | took 2ms | statement | connection 3| url jdbc:h2:mem:8979690d-f74c-4aff-ac1e-f6e0aafccbf2
create table post_image (post_image_id bigint not null, created_date timestamp, last_modified_date timestamp, img_url varchar(255), post_id bigint, primary key (post_image_id))
create table post_image (post_image_id bigint not null, created_date timestamp, last_modified_date timestamp, img_url varchar(255), post_id bigint, primary key (post_image_id));
2022-05-22 20:50:39.640  INFO 26416 --- [    Test worker] p6spy                                    : #1653220239640 | took 1ms | statement | connection 3| url jdbc:h2:mem:8979690d-f74c-4aff-ac1e-f6e0aafccbf2
create table post_like (post_like_id bigint not null, created_date timestamp, last_modified_date timestamp, member_id bigint, post_id bigint, primary key (post_like_id))
create table post_like (post_like_id bigint not null, created_date timestamp, last_modified_date timestamp, member_id bigint, post_id bigint, primary key (post_like_id));
2022-05-22 20:50:39.642  INFO 26416 --- [    Test worker] p6spy                                    : #1653220239642 | took 0ms | statement | connection 3| url jdbc:h2:mem:8979690d-f74c-4aff-ac1e-f6e0aafccbf2
create table tag (tag_id bigint not null, tag varchar(255), post_id bigint, primary key (tag_id))
create table tag (tag_id bigint not null, tag varchar(255), post_id bigint, primary key (tag_id));
2022-05-22 20:50:39.655  INFO 26416 --- [    Test worker] p6spy                                    : #1653220239655 | took 12ms | statement | connection 3| url jdbc:h2:mem:8979690d-f74c-4aff-ac1e-f6e0aafccbf2
alter table comment add constraint FKmrrrpi513ssu63i2783jyiv9m foreign key (member_id) references member
alter table comment add constraint FKmrrrpi513ssu63i2783jyiv9m foreign key (member_id) references member;
2022-05-22 20:50:39.657  INFO 26416 --- [    Test worker] p6spy                                    : #1653220239657 | took 1ms | statement | connection 3| url jdbc:h2:mem:8979690d-f74c-4aff-ac1e-f6e0aafccbf2
alter table comment add constraint FKde3rfu96lep00br5ov0mdieyt foreign key (parent_id) references comment
alter table comment add constraint FKde3rfu96lep00br5ov0mdieyt foreign key (parent_id) references comment;
2022-05-22 20:50:39.660  INFO 26416 --- [    Test worker] p6spy                                    : #1653220239660 | took 1ms | statement | connection 3| url jdbc:h2:mem:8979690d-f74c-4aff-ac1e-f6e0aafccbf2
alter table comment add constraint FKs1slvnkuemjsq2kj4h3vhx7i1 foreign key (post_id) references post
alter table comment add constraint FKs1slvnkuemjsq2kj4h3vhx7i1 foreign key (post_id) references post;
2022-05-22 20:50:39.662  INFO 26416 --- [    Test worker] p6spy                                    : #1653220239662 | took 1ms | statement | connection 3| url jdbc:h2:mem:8979690d-f74c-4aff-ac1e-f6e0aafccbf2
alter table comment_like add constraint FKqlv8phl1ibeh0efv4dbn3720p foreign key (comment_id) references comment
alter table comment_like add constraint FKqlv8phl1ibeh0efv4dbn3720p foreign key (comment_id) references comment;
2022-05-22 20:50:39.665  INFO 26416 --- [    Test worker] p6spy                                    : #1653220239665 | took 2ms | statement | connection 3| url jdbc:h2:mem:8979690d-f74c-4aff-ac1e-f6e0aafccbf2
alter table comment_like add constraint FKjtrao5djvpcj49cxcmbenif3g foreign key (member_id) references member
alter table comment_like add constraint FKjtrao5djvpcj49cxcmbenif3g foreign key (member_id) references member;
2022-05-22 20:50:39.667  INFO 26416 --- [    Test worker] p6spy                                    : #1653220239667 | took 1ms | statement | connection 3| url jdbc:h2:mem:8979690d-f74c-4aff-ac1e-f6e0aafccbf2
alter table meeting add constraint FKhn86a6pj9y1fmpm3u55fkcseg foreign key (member_id) references member
alter table meeting add constraint FKhn86a6pj9y1fmpm3u55fkcseg foreign key (member_id) references member;
2022-05-22 20:50:39.669  INFO 26416 --- [    Test worker] p6spy                                    : #1653220239669 | took 2ms | statement | connection 3| url jdbc:h2:mem:8979690d-f74c-4aff-ac1e-f6e0aafccbf2
alter table meeting_comment add constraint FKqj8x1cxn3kfytj71bqw7rhwr5 foreign key (meeting_post_id) references meeting_post
alter table meeting_comment add constraint FKqj8x1cxn3kfytj71bqw7rhwr5 foreign key (meeting_post_id) references meeting_post;
2022-05-22 20:50:39.672  INFO 26416 --- [    Test worker] p6spy                                    : #1653220239672 | took 1ms | statement | connection 3| url jdbc:h2:mem:8979690d-f74c-4aff-ac1e-f6e0aafccbf2
alter table meeting_comment add constraint FK1k0vx0l9gglxlrgsr5ka6duth foreign key (member_id) references member
alter table meeting_comment add constraint FK1k0vx0l9gglxlrgsr5ka6duth foreign key (member_id) references member;
2022-05-22 20:50:39.674  INFO 26416 --- [    Test worker] p6spy                                    : #1653220239674 | took 1ms | statement | connection 3| url jdbc:h2:mem:8979690d-f74c-4aff-ac1e-f6e0aafccbf2
alter table meeting_comment_like add constraint FKy0w1xandluf2lu45qy6x9icr foreign key (meeting_comment_id) references meeting_comment
alter table meeting_comment_like add constraint FKy0w1xandluf2lu45qy6x9icr foreign key (meeting_comment_id) references meeting_comment;
2022-05-22 20:50:39.676  INFO 26416 --- [    Test worker] p6spy                                    : #1653220239676 | took 1ms | statement | connection 3| url jdbc:h2:mem:8979690d-f74c-4aff-ac1e-f6e0aafccbf2
alter table meeting_comment_like add constraint FK8dt2aycctdbia9i2lx6k5jt74 foreign key (member_id) references member
alter table meeting_comment_like add constraint FK8dt2aycctdbia9i2lx6k5jt74 foreign key (member_id) references member;
2022-05-22 20:50:39.678  INFO 26416 --- [    Test worker] p6spy                                    : #1653220239678 | took 1ms | statement | connection 3| url jdbc:h2:mem:8979690d-f74c-4aff-ac1e-f6e0aafccbf2
alter table meeting_image add constraint FKlt0m3amdjs0xneq0tptu350tx foreign key (meeting_id) references meeting
alter table meeting_image add constraint FKlt0m3amdjs0xneq0tptu350tx foreign key (meeting_id) references meeting;
2022-05-22 20:50:39.681  INFO 26416 --- [    Test worker] p6spy                                    : #1653220239681 | took 2ms | statement | connection 3| url jdbc:h2:mem:8979690d-f74c-4aff-ac1e-f6e0aafccbf2
alter table meeting_member add constraint FK5o8slagsdk5g0ilj43m1fkm0d foreign key (meeting_id) references meeting
alter table meeting_member add constraint FK5o8slagsdk5g0ilj43m1fkm0d foreign key (meeting_id) references meeting;
2022-05-22 20:50:39.683  INFO 26416 --- [    Test worker] p6spy                                    : #1653220239683 | took 1ms | statement | connection 3| url jdbc:h2:mem:8979690d-f74c-4aff-ac1e-f6e0aafccbf2
alter table meeting_member add constraint FKvkkq2bos055dev77230o8sf6 foreign key (member_id) references member
alter table meeting_member add constraint FKvkkq2bos055dev77230o8sf6 foreign key (member_id) references member;
2022-05-22 20:50:39.685  INFO 26416 --- [    Test worker] p6spy                                    : #1653220239685 | took 1ms | statement | connection 3| url jdbc:h2:mem:8979690d-f74c-4aff-ac1e-f6e0aafccbf2
alter table meeting_post add constraint FK3e79bgf3dbdcb0qncbkjh0655 foreign key (meeting_id) references meeting
alter table meeting_post add constraint FK3e79bgf3dbdcb0qncbkjh0655 foreign key (meeting_id) references meeting;
2022-05-22 20:50:39.687  INFO 26416 --- [    Test worker] p6spy                                    : #1653220239687 | took 1ms | statement | connection 3| url jdbc:h2:mem:8979690d-f74c-4aff-ac1e-f6e0aafccbf2
alter table meeting_post add constraint FKfho6y369i8xei9rr5tvwm11ds foreign key (member_id) references member
alter table meeting_post add constraint FKfho6y369i8xei9rr5tvwm11ds foreign key (member_id) references member;
2022-05-22 20:50:39.688  INFO 26416 --- [    Test worker] p6spy                                    : #1653220239688 | took 1ms | statement | connection 3| url jdbc:h2:mem:8979690d-f74c-4aff-ac1e-f6e0aafccbf2
alter table meeting_post_image add constraint FKshckofvml8x83hmygs4k5org7 foreign key (meeting_post_id) references meeting_post
alter table meeting_post_image add constraint FKshckofvml8x83hmygs4k5org7 foreign key (meeting_post_id) references meeting_post;
2022-05-22 20:50:39.691  INFO 26416 --- [    Test worker] p6spy                                    : #1653220239691 | took 2ms | statement | connection 3| url jdbc:h2:mem:8979690d-f74c-4aff-ac1e-f6e0aafccbf2
alter table meeting_post_image add constraint FK7malk9ke8vsl7jq3mr7wo78p2 foreign key (member_id) references member
alter table meeting_post_image add constraint FK7malk9ke8vsl7jq3mr7wo78p2 foreign key (member_id) references member;
2022-05-22 20:50:39.693  INFO 26416 --- [    Test worker] p6spy                                    : #1653220239693 | took 2ms | statement | connection 3| url jdbc:h2:mem:8979690d-f74c-4aff-ac1e-f6e0aafccbf2
alter table meeting_post_like add constraint FKt0pbhh2e8cs51h8li205s910l foreign key (meeting_post_id) references meeting_post
alter table meeting_post_like add constraint FKt0pbhh2e8cs51h8li205s910l foreign key (meeting_post_id) references meeting_post;
2022-05-22 20:50:39.695  INFO 26416 --- [    Test worker] p6spy                                    : #1653220239695 | took 1ms | statement | connection 3| url jdbc:h2:mem:8979690d-f74c-4aff-ac1e-f6e0aafccbf2
alter table meeting_post_like add constraint FKj77v139y4y23xey0cglay3x13 foreign key (member_id) references member
alter table meeting_post_like add constraint FKj77v139y4y23xey0cglay3x13 foreign key (member_id) references member;
2022-05-22 20:50:39.698  INFO 26416 --- [    Test worker] p6spy                                    : #1653220239698 | took 2ms | statement | connection 3| url jdbc:h2:mem:8979690d-f74c-4aff-ac1e-f6e0aafccbf2
alter table notification add constraint FK1xep8o2ge7if6diclyyx53v4q foreign key (member_id) references member
alter table notification add constraint FK1xep8o2ge7if6diclyyx53v4q foreign key (member_id) references member;
2022-05-22 20:50:39.705  INFO 26416 --- [    Test worker] p6spy                                    : #1653220239705 | took 6ms | statement | connection 3| url jdbc:h2:mem:8979690d-f74c-4aff-ac1e-f6e0aafccbf2
alter table notification add constraint FK9f1j7b3uoc0nx9efr2jrw7777 foreign key (owner_member_id) references member
alter table notification add constraint FK9f1j7b3uoc0nx9efr2jrw7777 foreign key (owner_member_id) references member;
2022-05-22 20:50:39.707  INFO 26416 --- [    Test worker] p6spy                                    : #1653220239707 | took 1ms | statement | connection 3| url jdbc:h2:mem:8979690d-f74c-4aff-ac1e-f6e0aafccbf2
alter table post add constraint FK83s99f4kx8oiqm3ro0sasmpww foreign key (member_id) references member
alter table post add constraint FK83s99f4kx8oiqm3ro0sasmpww foreign key (member_id) references member;
2022-05-22 20:50:39.709  INFO 26416 --- [    Test worker] p6spy                                    : #1653220239709 | took 1ms | statement | connection 3| url jdbc:h2:mem:8979690d-f74c-4aff-ac1e-f6e0aafccbf2
alter table post_bookmark add constraint FK4dxog7p2mca875nnham77fc4i foreign key (member_id) references member
alter table post_bookmark add constraint FK4dxog7p2mca875nnham77fc4i foreign key (member_id) references member;
2022-05-22 20:50:39.710  INFO 26416 --- [    Test worker] p6spy                                    : #1653220239710 | took 1ms | statement | connection 3| url jdbc:h2:mem:8979690d-f74c-4aff-ac1e-f6e0aafccbf2
alter table post_bookmark add constraint FK54fow49m6pckmpe1v1to861d1 foreign key (post_id) references post
alter table post_bookmark add constraint FK54fow49m6pckmpe1v1to861d1 foreign key (post_id) references post;
2022-05-22 20:50:39.712  INFO 26416 --- [    Test worker] p6spy                                    : #1653220239712 | took 1ms | statement | connection 3| url jdbc:h2:mem:8979690d-f74c-4aff-ac1e-f6e0aafccbf2
alter table post_image add constraint FKsip7qv57jw2fw50g97t16nrjr foreign key (post_id) references post
alter table post_image add constraint FKsip7qv57jw2fw50g97t16nrjr foreign key (post_id) references post;
2022-05-22 20:50:39.714  INFO 26416 --- [    Test worker] p6spy                                    : #1653220239714 | took 1ms | statement | connection 3| url jdbc:h2:mem:8979690d-f74c-4aff-ac1e-f6e0aafccbf2
alter table post_like add constraint FKqjxwr6kkv6pw2e4pwy4yktxyk foreign key (member_id) references member
alter table post_like add constraint FKqjxwr6kkv6pw2e4pwy4yktxyk foreign key (member_id) references member;
2022-05-22 20:50:39.716  INFO 26416 --- [    Test worker] p6spy                                    : #1653220239716 | took 1ms | statement | connection 3| url jdbc:h2:mem:8979690d-f74c-4aff-ac1e-f6e0aafccbf2
alter table post_like add constraint FKj7iy0k7n3d0vkh8o7ibjna884 foreign key (post_id) references post
alter table post_like add constraint FKj7iy0k7n3d0vkh8o7ibjna884 foreign key (post_id) references post;
2022-05-22 20:50:39.718  INFO 26416 --- [    Test worker] p6spy                                    : #1653220239718 | took 1ms | statement | connection 3| url jdbc:h2:mem:8979690d-f74c-4aff-ac1e-f6e0aafccbf2
alter table tag add constraint FK7tk5hi5tl1txftyn44dtq2mv6 foreign key (post_id) references post
alter table tag add constraint FK7tk5hi5tl1txftyn44dtq2mv6 foreign key (post_id) references post;
2022-05-22 20:50:39.725  INFO 26416 --- [    Test worker] o.h.e.t.j.p.i.JtaPlatformInitiator       : HHH000490: Using JtaPlatform implementation: [org.hibernate.engine.transaction.jta.platform.internal.NoJtaPlatform]
2022-05-22 20:50:39.741  INFO 26416 --- [    Test worker] j.LocalContainerEntityManagerFactoryBean : Initialized JPA EntityManagerFactory for persistence unit 'default'
2022-05-22 20:50:39.769  WARN 26416 --- [    Test worker] o.s.w.c.s.GenericWebApplicationContext   : Exception encountered during context initialization - cancelling refresh attempt: org.springframework.beans.factory.UnsatisfiedDependencyException: Error creating bean with name 'securityConfig' defined in file [D:\pet\pet\build\classes\java\main\petPeople\pet\config\SecurityConfig.class]: Unsatisfied dependency expressed through constructor parameter 0; nested exception is org.springframework.beans.factory.NoSuchBeanDefinitionException: No qualifying bean of type 'petPeople.pet.config.auth.AuthFilterContainer' available: expected at least 1 bean which qualifies as autowire candidate. Dependency annotations: {}
2022-05-22 20:50:39.769  INFO 26416 --- [    Test worker] j.LocalContainerEntityManagerFactoryBean : Closing JPA EntityManagerFactory for persistence unit 'default'
2022-05-22 20:50:39.770  INFO 26416 --- [    Test worker] .SchemaDropperImpl$DelayedDropActionImpl : HHH000477: Starting delayed evictData of schema as part of SessionFactory shut-down'
2022-05-22 20:50:39.776  INFO 26416 --- [    Test worker] p6spy                                    : #1653220239776 | took 5ms | statement | connection 4| url jdbc:h2:mem:8979690d-f74c-4aff-ac1e-f6e0aafccbf2
drop table if exists comment CASCADE 
drop table if exists comment CASCADE ;
2022-05-22 20:50:39.777  INFO 26416 --- [    Test worker] p6spy                                    : #1653220239777 | took 0ms | statement | connection 4| url jdbc:h2:mem:8979690d-f74c-4aff-ac1e-f6e0aafccbf2
drop table if exists comment_like CASCADE 
drop table if exists comment_like CASCADE ;
2022-05-22 20:50:39.779  INFO 26416 --- [    Test worker] p6spy                                    : #1653220239779 | took 1ms | statement | connection 4| url jdbc:h2:mem:8979690d-f74c-4aff-ac1e-f6e0aafccbf2
drop table if exists meeting CASCADE 
drop table if exists meeting CASCADE ;
2022-05-22 20:50:39.780  INFO 26416 --- [    Test worker] p6spy                                    : #1653220239780 | took 1ms | statement | connection 4| url jdbc:h2:mem:8979690d-f74c-4aff-ac1e-f6e0aafccbf2
drop table if exists meeting_comment CASCADE 
drop table if exists meeting_comment CASCADE ;
2022-05-22 20:50:39.782  INFO 26416 --- [    Test worker] p6spy                                    : #1653220239782 | took 1ms | statement | connection 4| url jdbc:h2:mem:8979690d-f74c-4aff-ac1e-f6e0aafccbf2
drop table if exists meeting_comment_like CASCADE 
drop table if exists meeting_comment_like CASCADE ;
2022-05-22 20:50:39.783  INFO 26416 --- [    Test worker] p6spy                                    : #1653220239783 | took 0ms | statement | connection 4| url jdbc:h2:mem:8979690d-f74c-4aff-ac1e-f6e0aafccbf2
drop table if exists meeting_image CASCADE 
drop table if exists meeting_image CASCADE ;
2022-05-22 20:50:39.784  INFO 26416 --- [    Test worker] p6spy                                    : #1653220239784 | took 0ms | statement | connection 4| url jdbc:h2:mem:8979690d-f74c-4aff-ac1e-f6e0aafccbf2
drop table if exists meeting_member CASCADE 
drop table if exists meeting_member CASCADE ;
2022-05-22 20:50:39.786  INFO 26416 --- [    Test worker] p6spy                                    : #1653220239786 | took 1ms | statement | connection 4| url jdbc:h2:mem:8979690d-f74c-4aff-ac1e-f6e0aafccbf2
drop table if exists meeting_post CASCADE 
drop table if exists meeting_post CASCADE ;
2022-05-22 20:50:39.788  INFO 26416 --- [    Test worker] p6spy                                    : #1653220239788 | took 1ms | statement | connection 4| url jdbc:h2:mem:8979690d-f74c-4aff-ac1e-f6e0aafccbf2
drop table if exists meeting_post_image CASCADE 
drop table if exists meeting_post_image CASCADE ;
2022-05-22 20:50:39.789  INFO 26416 --- [    Test worker] p6spy                                    : #1653220239789 | took 1ms | statement | connection 4| url jdbc:h2:mem:8979690d-f74c-4aff-ac1e-f6e0aafccbf2
drop table if exists meeting_post_like CASCADE 
drop table if exists meeting_post_like CASCADE ;
2022-05-22 20:50:39.792  INFO 26416 --- [    Test worker] p6spy                                    : #1653220239792 | took 1ms | statement | connection 4| url jdbc:h2:mem:8979690d-f74c-4aff-ac1e-f6e0aafccbf2
drop table if exists member CASCADE 
drop table if exists member CASCADE ;
2022-05-22 20:50:39.792  INFO 26416 --- [    Test worker] p6spy                                    : #1653220239792 | took 0ms | statement | connection 4| url jdbc:h2:mem:8979690d-f74c-4aff-ac1e-f6e0aafccbf2
drop table if exists notification CASCADE 
drop table if exists notification CASCADE ;
2022-05-22 20:50:39.794  INFO 26416 --- [    Test worker] p6spy                                    : #1653220239794 | took 1ms | statement | connection 4| url jdbc:h2:mem:8979690d-f74c-4aff-ac1e-f6e0aafccbf2
drop table if exists post CASCADE 
drop table if exists post CASCADE ;
2022-05-22 20:50:39.795  INFO 26416 --- [    Test worker] p6spy                                    : #1653220239795 | took 0ms | statement | connection 4| url jdbc:h2:mem:8979690d-f74c-4aff-ac1e-f6e0aafccbf2
drop table if exists post_bookmark CASCADE 
drop table if exists post_bookmark CASCADE ;
2022-05-22 20:50:39.797  INFO 26416 --- [    Test worker] p6spy                                    : #1653220239797 | took 1ms | statement | connection 4| url jdbc:h2:mem:8979690d-f74c-4aff-ac1e-f6e0aafccbf2
drop table if exists post_image CASCADE 
drop table if exists post_image CASCADE ;
2022-05-22 20:50:39.800  INFO 26416 --- [    Test worker] p6spy                                    : #1653220239800 | took 1ms | statement | connection 4| url jdbc:h2:mem:8979690d-f74c-4aff-ac1e-f6e0aafccbf2
drop table if exists post_like CASCADE 
drop table if exists post_like CASCADE ;
2022-05-22 20:50:39.802  INFO 26416 --- [    Test worker] p6spy                                    : #1653220239802 | took 2ms | statement | connection 4| url jdbc:h2:mem:8979690d-f74c-4aff-ac1e-f6e0aafccbf2
drop table if exists tag CASCADE 
drop table if exists tag CASCADE ;
2022-05-22 20:50:39.805  INFO 26416 --- [    Test worker] p6spy                                    : #1653220239805 | took 2ms | statement | connection 4| url jdbc:h2:mem:8979690d-f74c-4aff-ac1e-f6e0aafccbf2
drop sequence if exists hibernate_sequence
drop sequence if exists hibernate_sequence;
2022-05-22 20:50:39.810  INFO 26416 --- [    Test worker] com.zaxxer.hikari.HikariDataSource       : HikariPool-1 - Shutdown initiated...
2022-05-22 20:50:39.818  INFO 26416 --- [    Test worker] com.zaxxer.hikari.HikariDataSource       : HikariPool-1 - Shutdown completed.
2022-05-22 20:50:39.836  INFO 26416 --- [    Test worker] ConditionEvaluationReportLoggingListener : 

Error starting ApplicationContext. To display the conditions report re-run your application with 'debug' enabled.
2022-05-22 20:50:39.880 ERROR 26416 --- [    Test worker] o.s.b.d.LoggingFailureAnalysisReporter   : 

***************************
APPLICATION FAILED TO START
***************************

Description:

Parameter 0 of constructor in petPeople.pet.config.SecurityConfig required a bean of type 'petPeople.pet.config.auth.AuthFilterContainer' that could not be found.


Action:

Consider defining a bean of type 'petPeople.pet.config.auth.AuthFilterContainer' in your configuration.

2022-05-22 20:50:39.903 ERROR 26416 --- [    Test worker] o.s.test.context.TestContextManager      : Caught exception while allowing TestExecutionListener [org.springframework.test.context.web.ServletTestExecutionListener@3b809711] to prepare test instance [petPeople.pet.PetApplicationTests@78e4fa1]

java.lang.IllegalStateException: Failed to load ApplicationContext
	at org.springframework.test.context.cache.DefaultCacheAwareContextLoaderDelegate.loadContext(DefaultCacheAwareContextLoaderDelegate.java:132) ~[spring-test-5.3.19.jar:5.3.19]
	at org.springframework.test.context.support.DefaultTestContext.getApplicationContext(DefaultTestContext.java:124) ~[spring-test-5.3.19.jar:5.3.19]
	at org.springframework.test.context.web.ServletTestExecutionListener.setUpRequestContextIfNecessary(ServletTestExecutionListener.java:190) ~[spring-test-5.3.19.jar:5.3.19]
	at org.springframework.test.context.web.ServletTestExecutionListener.prepareTestInstance(ServletTestExecutionListener.java:132) ~[spring-test-5.3.19.jar:5.3.19]
	at org.springframework.test.context.TestContextManager.prepareTestInstance(TestContextManager.java:248) ~[spring-test-5.3.19.jar:5.3.19]
	at org.springframework.test.context.junit.jupiter.SpringExtension.postProcessTestInstance(SpringExtension.java:138) ~[spring-test-5.3.19.jar:5.3.19]
	at org.junit.jupiter.engine.descriptor.ClassBasedTestDescriptor.lambda$invokeTestInstancePostProcessors$8(ClassBasedTestDescriptor.java:363) ~[junit-jupiter-engine-5.8.2.jar:5.8.2]
	at org.junit.jupiter.engine.descriptor.ClassBasedTestDescriptor.executeAndMaskThrowable(ClassBasedTestDescriptor.java:368) ~[junit-jupiter-engine-5.8.2.jar:5.8.2]
	at org.junit.jupiter.engine.descriptor.ClassBasedTestDescriptor.lambda$invokeTestInstancePostProcessors$9(ClassBasedTestDescriptor.java:363) ~[junit-jupiter-engine-5.8.2.jar:5.8.2]
	at java.base/java.util.stream.ReferencePipeline$3$1.accept(ReferencePipeline.java:195) ~[na:na]
	at java.base/java.util.stream.ReferencePipeline$2$1.accept(ReferencePipeline.java:177) ~[na:na]
	at java.base/java.util.ArrayList$ArrayListSpliterator.forEachRemaining(ArrayList.java:1655) ~[na:na]
	at java.base/java.util.stream.AbstractPipeline.copyInto(AbstractPipeline.java:484) ~[na:na]
	at java.base/java.util.stream.AbstractPipeline.wrapAndCopyInto(AbstractPipeline.java:474) ~[na:na]
	at java.base/java.util.stream.StreamSpliterators$WrappingSpliterator.forEachRemaining(StreamSpliterators.java:312) ~[na:na]
	at java.base/java.util.stream.Streams$ConcatSpliterator.forEachRemaining(Streams.java:735) ~[na:na]
	at java.base/java.util.stream.Streams$ConcatSpliterator.forEachRemaining(Streams.java:734) ~[na:na]
	at java.base/java.util.stream.ReferencePipeline$Head.forEach(ReferencePipeline.java:658) ~[na:na]
	at org.junit.jupiter.engine.descriptor.ClassBasedTestDescriptor.invokeTestInstancePostProcessors(ClassBasedTestDescriptor.java:362) ~[junit-jupiter-engine-5.8.2.jar:5.8.2]
	at org.junit.jupiter.engine.descriptor.ClassBasedTestDescriptor.lambda$instantiateAndPostProcessTestInstance$6(ClassBasedTestDescriptor.java:283) ~[junit-jupiter-engine-5.8.2.jar:5.8.2]
	at org.junit.platform.engine.support.hierarchical.ThrowableCollector.execute(ThrowableCollector.java:73) ~[junit-platform-engine-1.8.2.jar:1.8.2]
	at org.junit.jupiter.engine.descriptor.ClassBasedTestDescriptor.instantiateAndPostProcessTestInstance(ClassBasedTestDescriptor.java:282) ~[junit-jupiter-engine-5.8.2.jar:5.8.2]
	at org.junit.jupiter.engine.descriptor.ClassBasedTestDescriptor.lambda$testInstancesProvider$4(ClassBasedTestDescriptor.java:272) ~[junit-jupiter-engine-5.8.2.jar:5.8.2]
	at java.base/java.util.Optional.orElseGet(Optional.java:369) ~[na:na]
	at org.junit.jupiter.engine.descriptor.ClassBasedTestDescriptor.lambda$testInstancesProvider$5(ClassBasedTestDescriptor.java:271) ~[junit-jupiter-engine-5.8.2.jar:5.8.2]
	at org.junit.jupiter.engine.execution.TestInstancesProvider.getTestInstances(TestInstancesProvider.java:31) ~[junit-jupiter-engine-5.8.2.jar:5.8.2]
	at org.junit.jupiter.engine.descriptor.TestMethodTestDescriptor.lambda$prepare$0(TestMethodTestDescriptor.java:102) ~[junit-jupiter-engine-5.8.2.jar:5.8.2]
	at org.junit.platform.engine.support.hierarchical.ThrowableCollector.execute(ThrowableCollector.java:73) ~[junit-platform-engine-1.8.2.jar:1.8.2]
	at org.junit.jupiter.engine.descriptor.TestMethodTestDescriptor.prepare(TestMethodTestDescriptor.java:101) ~[junit-jupiter-engine-5.8.2.jar:5.8.2]
	at org.junit.jupiter.engine.descriptor.TestMethodTestDescriptor.prepare(TestMethodTestDescriptor.java:66) ~[junit-jupiter-engine-5.8.2.jar:5.8.2]
	at org.junit.platform.engine.support.hierarchical.NodeTestTask.lambda$prepare$2(NodeTestTask.java:123) ~[junit-platform-engine-1.8.2.jar:1.8.2]
	at org.junit.platform.engine.support.hierarchical.ThrowableCollector.execute(ThrowableCollector.java:73) ~[junit-platform-engine-1.8.2.jar:1.8.2]
	at org.junit.platform.engine.support.hierarchical.NodeTestTask.prepare(NodeTestTask.java:123) ~[junit-platform-engine-1.8.2.jar:1.8.2]
	at org.junit.platform.engine.support.hierarchical.NodeTestTask.execute(NodeTestTask.java:90) ~[junit-platform-engine-1.8.2.jar:1.8.2]
	at java.base/java.util.ArrayList.forEach(ArrayList.java:1541) ~[na:na]
	at org.junit.platform.engine.support.hierarchical.SameThreadHierarchicalTestExecutorService.invokeAll(SameThreadHierarchicalTestExecutorService.java:41) ~[junit-platform-engine-1.8.2.jar:1.8.2]
	at org.junit.platform.engine.support.hierarchical.NodeTestTask.lambda$executeRecursively$6(NodeTestTask.java:155) ~[junit-platform-engine-1.8.2.jar:1.8.2]
	at org.junit.platform.engine.support.hierarchical.ThrowableCollector.execute(ThrowableCollector.java:73) ~[junit-platform-engine-1.8.2.jar:1.8.2]
	at org.junit.platform.engine.support.hierarchical.NodeTestTask.lambda$executeRecursively$8(NodeTestTask.java:141) ~[junit-platform-engine-1.8.2.jar:1.8.2]
	at org.junit.platform.engine.support.hierarchical.Node.around(Node.java:137) ~[junit-platform-engine-1.8.2.jar:1.8.2]
	at org.junit.platform.engine.support.hierarchical.NodeTestTask.lambda$executeRecursively$9(NodeTestTask.java:139) ~[junit-platform-engine-1.8.2.jar:1.8.2]
	at org.junit.platform.engine.support.hierarchical.ThrowableCollector.execute(ThrowableCollector.java:73) ~[junit-platform-engine-1.8.2.jar:1.8.2]
	at org.junit.platform.engine.support.hierarchical.NodeTestTask.executeRecursively(NodeTestTask.java:138) ~[junit-platform-engine-1.8.2.jar:1.8.2]
	at org.junit.platform.engine.support.hierarchical.NodeTestTask.execute(NodeTestTask.java:95) ~[junit-platform-engine-1.8.2.jar:1.8.2]
	at java.base/java.util.ArrayList.forEach(ArrayList.java:1541) ~[na:na]
	at org.junit.platform.engine.support.hierarchical.SameThreadHierarchicalTestExecutorService.invokeAll(SameThreadHierarchicalTestExecutorService.java:41) ~[junit-platform-engine-1.8.2.jar:1.8.2]
	at org.junit.platform.engine.support.hierarchical.NodeTestTask.lambda$executeRecursively$6(NodeTestTask.java:155) ~[junit-platform-engine-1.8.2.jar:1.8.2]
	at org.junit.platform.engine.support.hierarchical.ThrowableCollector.execute(ThrowableCollector.java:73) ~[junit-platform-engine-1.8.2.jar:1.8.2]
	at org.junit.platform.engine.support.hierarchical.NodeTestTask.lambda$executeRecursively$8(NodeTestTask.java:141) ~[junit-platform-engine-1.8.2.jar:1.8.2]
	at org.junit.platform.engine.support.hierarchical.Node.around(Node.java:137) ~[junit-platform-engine-1.8.2.jar:1.8.2]
	at org.junit.platform.engine.support.hierarchical.NodeTestTask.lambda$executeRecursively$9(NodeTestTask.java:139) ~[junit-platform-engine-1.8.2.jar:1.8.2]
	at org.junit.platform.engine.support.hierarchical.ThrowableCollector.execute(ThrowableCollector.java:73) ~[junit-platform-engine-1.8.2.jar:1.8.2]
	at org.junit.platform.engine.support.hierarchical.NodeTestTask.executeRecursively(NodeTestTask.java:138) ~[junit-platform-engine-1.8.2.jar:1.8.2]
	at org.junit.platform.engine.support.hierarchical.NodeTestTask.execute(NodeTestTask.java:95) ~[junit-platform-engine-1.8.2.jar:1.8.2]
	at org.junit.platform.engine.support.hierarchical.SameThreadHierarchicalTestExecutorService.submit(SameThreadHierarchicalTestExecutorService.java:35) ~[junit-platform-engine-1.8.2.jar:1.8.2]
	at org.junit.platform.engine.support.hierarchical.HierarchicalTestExecutor.execute(HierarchicalTestExecutor.java:57) ~[junit-platform-engine-1.8.2.jar:1.8.2]
	at org.junit.platform.engine.support.hierarchical.HierarchicalTestEngine.execute(HierarchicalTestEngine.java:54) ~[junit-platform-engine-1.8.2.jar:1.8.2]
	at org.junit.platform.launcher.core.EngineExecutionOrchestrator.execute(EngineExecutionOrchestrator.java:108) ~[na:na]
	at org.junit.platform.launcher.core.EngineExecutionOrchestrator.execute(EngineExecutionOrchestrator.java:88) ~[na:na]
	at org.junit.platform.launcher.core.EngineExecutionOrchestrator.lambda$execute$0(EngineExecutionOrchestrator.java:54) ~[na:na]
	at org.junit.platform.launcher.core.EngineExecutionOrchestrator.withInterceptedStreams(EngineExecutionOrchestrator.java:67) ~[na:na]
	at org.junit.platform.launcher.core.EngineExecutionOrchestrator.execute(EngineExecutionOrchestrator.java:52) ~[na:na]
	at org.junit.platform.launcher.core.DefaultLauncher.execute(DefaultLauncher.java:96) ~[na:na]
	at org.junit.platform.launcher.core.DefaultLauncher.execute(DefaultLauncher.java:75) ~[na:na]
	at org.gradle.api.internal.tasks.testing.junitplatform.JUnitPlatformTestClassProcessor$CollectAllTestClassesExecutor.processAllTestClasses(JUnitPlatformTestClassProcessor.java:99) ~[na:na]
	at org.gradle.api.internal.tasks.testing.junitplatform.JUnitPlatformTestClassProcessor$CollectAllTestClassesExecutor.access$000(JUnitPlatformTestClassProcessor.java:79) ~[na:na]
	at org.gradle.api.internal.tasks.testing.junitplatform.JUnitPlatformTestClassProcessor.stop(JUnitPlatformTestClassProcessor.java:75) ~[na:na]
	at org.gradle.api.internal.tasks.testing.SuiteTestClassProcessor.stop(SuiteTestClassProcessor.java:61) ~[na:na]
	at java.base/jdk.internal.reflect.NativeMethodAccessorImpl.invoke0(Native Method) ~[na:na]
	at java.base/jdk.internal.reflect.NativeMethodAccessorImpl.invoke(NativeMethodAccessorImpl.java:62) ~[na:na]
	at java.base/jdk.internal.reflect.DelegatingMethodAccessorImpl.invoke(DelegatingMethodAccessorImpl.java:43) ~[na:na]
	at java.base/java.lang.reflect.Method.invoke(Method.java:566) ~[na:na]
	at org.gradle.internal.dispatch.ReflectionDispatch.dispatch(ReflectionDispatch.java:36) ~[na:na]
	at org.gradle.internal.dispatch.ReflectionDispatch.dispatch(ReflectionDispatch.java:24) ~[na:na]
	at org.gradle.internal.dispatch.ContextClassLoaderDispatch.dispatch(ContextClassLoaderDispatch.java:33) ~[na:na]
	at org.gradle.internal.dispatch.ProxyDispatchAdapter$DispatchingInvocationHandler.invoke(ProxyDispatchAdapter.java:94) ~[na:na]
	at com.sun.proxy.$Proxy2.stop(Unknown Source) ~[na:na]
	at org.gradle.api.internal.tasks.testing.worker.TestWorker$3.run(TestWorker.java:193) ~[na:na]
	at org.gradle.api.internal.tasks.testing.worker.TestWorker.executeAndMaintainThreadName(TestWorker.java:129) ~[na:na]
	at org.gradle.api.internal.tasks.testing.worker.TestWorker.execute(TestWorker.java:100) ~[na:na]
	at org.gradle.api.internal.tasks.testing.worker.TestWorker.execute(TestWorker.java:60) ~[na:na]
	at org.gradle.process.internal.worker.child.ActionExecutionWorker.execute(ActionExecutionWorker.java:56) ~[na:na]
	at org.gradle.process.internal.worker.child.SystemApplicationClassLoaderWorker.call(SystemApplicationClassLoaderWorker.java:133) ~[na:na]
	at org.gradle.process.internal.worker.child.SystemApplicationClassLoaderWorker.call(SystemApplicationClassLoaderWorker.java:71) ~[na:na]
	at worker.org.gradle.process.internal.worker.GradleWorkerMain.run(GradleWorkerMain.java:69) ~[gradle-worker.jar:na]
	at worker.org.gradle.process.internal.worker.GradleWorkerMain.main(GradleWorkerMain.java:74) ~[gradle-worker.jar:na]
Caused by: org.springframework.beans.factory.UnsatisfiedDependencyException: Error creating bean with name 'securityConfig' defined in file [D:\pet\pet\build\classes\java\main\petPeople\pet\config\SecurityConfig.class]: Unsatisfied dependency expressed through constructor parameter 0; nested exception is org.springframework.beans.factory.NoSuchBeanDefinitionException: No qualifying bean of type 'petPeople.pet.config.auth.AuthFilterContainer' available: expected at least 1 bean which qualifies as autowire candidate. Dependency annotations: {}
	at org.springframework.beans.factory.support.ConstructorResolver.createArgumentArray(ConstructorResolver.java:800) ~[spring-beans-5.3.19.jar:5.3.19]
	at org.springframework.beans.factory.support.ConstructorResolver.autowireConstructor(ConstructorResolver.java:229) ~[spring-beans-5.3.19.jar:5.3.19]
	at org.springframework.beans.factory.support.AbstractAutowireCapableBeanFactory.autowireConstructor(AbstractAutowireCapableBeanFactory.java:1372) ~[spring-beans-5.3.19.jar:5.3.19]
	at org.springframework.beans.factory.support.AbstractAutowireCapableBeanFactory.createBeanInstance(AbstractAutowireCapableBeanFactory.java:1222) ~[spring-beans-5.3.19.jar:5.3.19]
	at org.springframework.beans.factory.support.AbstractAutowireCapableBeanFactory.doCreateBean(AbstractAutowireCapableBeanFactory.java:582) ~[spring-beans-5.3.19.jar:5.3.19]
	at org.springframework.beans.factory.support.AbstractAutowireCapableBeanFactory.createBean(AbstractAutowireCapableBeanFactory.java:542) ~[spring-beans-5.3.19.jar:5.3.19]
	at org.springframework.beans.factory.support.AbstractBeanFactory.lambda$doGetBean$0(AbstractBeanFactory.java:335) ~[spring-beans-5.3.19.jar:5.3.19]
	at org.springframework.beans.factory.support.DefaultSingletonBeanRegistry.getSingleton(DefaultSingletonBeanRegistry.java:234) ~[spring-beans-5.3.19.jar:5.3.19]
	at org.springframework.beans.factory.support.AbstractBeanFactory.doGetBean(AbstractBeanFactory.java:333) ~[spring-beans-5.3.19.jar:5.3.19]
	at org.springframework.beans.factory.support.AbstractBeanFactory.getBean(AbstractBeanFactory.java:208) ~[spring-beans-5.3.19.jar:5.3.19]
	at org.springframework.beans.factory.support.DefaultListableBeanFactory.preInstantiateSingletons(DefaultListableBeanFactory.java:953) ~[spring-beans-5.3.19.jar:5.3.19]
	at org.springframework.context.support.AbstractApplicationContext.finishBeanFactoryInitialization(AbstractApplicationContext.java:918) ~[spring-context-5.3.19.jar:5.3.19]
	at org.springframework.context.support.AbstractApplicationContext.refresh(AbstractApplicationContext.java:583) ~[spring-context-5.3.19.jar:5.3.19]
	at org.springframework.boot.SpringApplication.refresh(SpringApplication.java:740) ~[spring-boot-2.6.7.jar:2.6.7]
	at org.springframework.boot.SpringApplication.refreshContext(SpringApplication.java:415) ~[spring-boot-2.6.7.jar:2.6.7]
	at org.springframework.boot.SpringApplication.run(SpringApplication.java:303) ~[spring-boot-2.6.7.jar:2.6.7]
	at org.springframework.boot.test.context.SpringBootContextLoader.loadContext(SpringBootContextLoader.java:144) ~[spring-boot-test-2.6.7.jar:2.6.7]
	at org.springframework.test.context.cache.DefaultCacheAwareContextLoaderDelegate.loadContextInternal(DefaultCacheAwareContextLoaderDelegate.java:99) ~[spring-test-5.3.19.jar:5.3.19]
	at org.springframework.test.context.cache.DefaultCacheAwareContextLoaderDelegate.loadContext(DefaultCacheAwareContextLoaderDelegate.java:124) ~[spring-test-5.3.19.jar:5.3.19]
	... 85 common frames omitted
Caused by: org.springframework.beans.factory.NoSuchBeanDefinitionException: No qualifying bean of type 'petPeople.pet.config.auth.AuthFilterContainer' available: expected at least 1 bean which qualifies as autowire candidate. Dependency annotations: {}
	at org.springframework.beans.factory.support.DefaultListableBeanFactory.raiseNoMatchingBeanFound(DefaultListableBeanFactory.java:1799) ~[spring-beans-5.3.19.jar:5.3.19]
	at org.springframework.beans.factory.support.DefaultListableBeanFactory.doResolveDependency(DefaultListableBeanFactory.java:1355) ~[spring-beans-5.3.19.jar:5.3.19]
	at org.springframework.beans.factory.support.DefaultListableBeanFactory.resolveDependency(DefaultListableBeanFactory.java:1309) ~[spring-beans-5.3.19.jar:5.3.19]
	at org.springframework.beans.factory.support.ConstructorResolver.resolveAutowiredArgument(ConstructorResolver.java:887) ~[spring-beans-5.3.19.jar:5.3.19]
	at org.springframework.beans.factory.support.ConstructorResolver.createArgumentArray(ConstructorResolver.java:791) ~[spring-beans-5.3.19.jar:5.3.19]
	... 103 common frames omitted

</pre>
</span>
</div>
</div>
<div id="footer">
<p>
<div>
<label class="hidden" id="label-for-line-wrapping-toggle" for="line-wrapping-toggle">Wrap lines
<input id="line-wrapping-toggle" type="checkbox" autocomplete="off"/>
</label>
</div>Generated by 
<a href="http://www.gradle.org">Gradle 7.4.1</a> at 2022. 5. 22.  8:50:47</p>
</div>
</div>
</body>
</html>
